app/build/intermediates/manifest_merge_blame_file/debug/manifest-merger-blame-debug-report.txt
1<?xml version="1.0" encoding="utf-8"?>
2<manifest xmlns:android="http://schemas.android.com/apk/res/android"
3    package="com.hackeranushi.grocerywalla"
4    android:versionCode="1"
5    android:versionName="1.0" >
6
7    <uses-sdk
8        android:minSdkVersion="24"
8-->src\main\AndroidManifest.xml
9        android:targetSdkVersion="31" />
9-->src\main\AndroidManifest.xml
10    <!--
11         The ACCESS_COARSE/FINE_LOCATION permissions are not required to use
12         Google Maps Android API v2, but you must specify either coarse or fine
13         location permissions for the "MyLocation" functionality.
14    -->
15    <uses-permission android:name="android.permission.ACCESS_FINE_LOCATION" />
15-->src\main\AndroidManifest.xml:10:5-79
15-->src\main\AndroidManifest.xml:10:22-76
16    <uses-permission android:name="android.permission.ACCESS_COARSE_LOCATION" />
16-->src\main\AndroidManifest.xml:11:5-81
16-->src\main\AndroidManifest.xml:11:22-78
17    <uses-permission android:name="android.permission.INTERNET" />
17-->src\main\AndroidManifest.xml:12:5-67
17-->src\main\AndroidManifest.xml:12:22-64
18    <uses-permission android:name="android.permission.ACCESS_NETWORK_STATE" />
18-->src\main\AndroidManifest.xml:13:5-79
18-->src\main\AndroidManifest.xml:13:22-76
19    <uses-permission android:name="android.permission.READ_EXTERNAL_STORAGE" />
19-->src\main\AndroidManifest.xml:14:5-80
19-->src\main\AndroidManifest.xml:14:22-77
20
21    <uses-feature
21-->[com.google.android.gms:play-services-maps:17.0.1] AndroidManifest.xml:26:5-28:35
22        android:glEsVersion="0x00020000"
22-->[com.google.android.gms:play-services-maps:17.0.1] AndroidManifest.xml:27:9-41
23        android:required="true" />
23-->[com.google.android.gms:play-services-maps:17.0.1] AndroidManifest.xml:28:9-32
24
25    <queries>
25-->[com.google.android.gms:play-services-maps:17.0.1] AndroidManifest.xml:30:5-34:15
26
27        <!-- Needs to be explicitly declared on Android R+ -->
28        <package android:name="com.google.android.apps.maps" />
28-->[com.google.android.gms:play-services-maps:17.0.1] AndroidManifest.xml:33:9-64
28-->[com.google.android.gms:play-services-maps:17.0.1] AndroidManifest.xml:33:18-61
29    </queries>
30
31    <application
31-->src\main\AndroidManifest.xml:16:5-137:19
32        android:allowBackup="true"
32-->src\main\AndroidManifest.xml:17:9-35
33        android:appComponentFactory="androidx.core.app.CoreComponentFactory"
33-->[androidx.core:core:1.5.0] AndroidManifest.xml:24:18-86
34        android:debuggable="true"
35        android:extractNativeLibs="false"
36        android:icon="@mipmap/ic_launcher"
36-->src\main\AndroidManifest.xml:18:9-43
37        android:label="@string/app_name"
37-->src\main\AndroidManifest.xml:19:9-41
38        android:roundIcon="@mipmap/ic_launcher_round"
38-->src\main\AndroidManifest.xml:20:9-54
39        android:supportsRtl="true"
39-->src\main\AndroidManifest.xml:21:9-35
40        android:testOnly="true"
41        android:theme="@style/Theme.GroceryWalla" >
41-->src\main\AndroidManifest.xml:22:9-50
42        <activity
42-->src\main\AndroidManifest.xml:23:9-27:69
43            android:name="com.hackeranushi.grocerywalla.AdminPanel.AdminHome"
43-->src\main\AndroidManifest.xml:24:13-49
44            android:exported="false"
44-->src\main\AndroidManifest.xml:25:13-37
45            android:label="@string/title_activity_admin_home"
45-->src\main\AndroidManifest.xml:26:13-62
46            android:theme="@style/Theme.GroceryWalla.NoActionBar" />
46-->src\main\AndroidManifest.xml:27:13-66
47        <activity
47-->src\main\AndroidManifest.xml:28:9-30:40
48            android:name="com.hackeranushi.grocerywalla.AdminPanel.AdminLogin"
48-->src\main\AndroidManifest.xml:29:13-50
49            android:exported="false" />
49-->src\main\AndroidManifest.xml:30:13-37
50        <activity
50-->src\main\AndroidManifest.xml:31:9-33:40
51            android:name="com.hackeranushi.grocerywalla.Activities.Register"
51-->src\main\AndroidManifest.xml:32:13-48
52            android:exported="false" />
52-->src\main\AndroidManifest.xml:33:13-37
53        <activity
53-->src\main\AndroidManifest.xml:34:9-36:39
54            android:name="com.hackeranushi.grocerywalla.Activities.OtpVerification.OtpLogDetails"
54-->src\main\AndroidManifest.xml:35:13-69
55            android:exported="true" />
55-->src\main\AndroidManifest.xml:36:13-36
56        <activity
56-->src\main\AndroidManifest.xml:37:9-39:40
57            android:name="com.hackeranushi.grocerywalla.Activities.OtpVerification.VerifyOtp"
57-->src\main\AndroidManifest.xml:38:13-65
58            android:exported="false" />
58-->src\main\AndroidManifest.xml:39:13-37
59        <activity
59-->src\main\AndroidManifest.xml:40:9-42:40
60            android:name="com.hackeranushi.grocerywalla.Activities.OtpVerification.GenerateOtp"
60-->src\main\AndroidManifest.xml:41:13-67
61            android:exported="false" />
61-->src\main\AndroidManifest.xml:42:13-37
62        <activity
62-->src\main\AndroidManifest.xml:43:9-45:39
63            android:name="com.hackeranushi.grocerywalla.Activities.ForgetPass"
63-->src\main\AndroidManifest.xml:44:13-50
64            android:exported="true" />
64-->src\main\AndroidManifest.xml:45:13-36
65        <activity
65-->src\main\AndroidManifest.xml:46:9-48:39
66            android:name="com.hackeranushi.grocerywalla.ProfileActivity.EditProfileActivity.EditProfile"
66-->src\main\AndroidManifest.xml:47:13-76
67            android:exported="true" />
67-->src\main\AndroidManifest.xml:48:13-36
68        <activity
68-->src\main\AndroidManifest.xml:49:9-51:39
69            android:name="com.hackeranushi.grocerywalla.Activities.PaymentOption"
69-->src\main\AndroidManifest.xml:50:13-53
70            android:exported="true" />
70-->src\main\AndroidManifest.xml:51:13-36
71        <activity
71-->src\main\AndroidManifest.xml:52:9-54:39
72            android:name="com.hackeranushi.grocerywalla.DeliveryActivity.DeliveryActivity"
72-->src\main\AndroidManifest.xml:53:13-62
73            android:exported="true" />
73-->src\main\AndroidManifest.xml:54:13-36
74        <activity
74-->src\main\AndroidManifest.xml:55:9-57:39
75            android:name="com.hackeranushi.grocerywalla.Activities.Category"
75-->src\main\AndroidManifest.xml:56:13-48
76            android:exported="true" />
76-->src\main\AndroidManifest.xml:57:13-36
77        <activity
77-->src\main\AndroidManifest.xml:58:9-60:39
78            android:name="com.hackeranushi.grocerywalla.ProfileActivity.CustomerSupport.CustomerSupport"
78-->src\main\AndroidManifest.xml:59:13-76
79            android:exported="true" />
79-->src\main\AndroidManifest.xml:60:13-36
80
81        <meta-data
81-->src\main\AndroidManifest.xml:62:9-64:71
82            android:name="com.google.android.geo.API_KEY"
82-->src\main\AndroidManifest.xml:63:13-58
83            android:value="AIzaSyDVLKqQZVQTbAQOrB4WUWBTRxsz6ZCl6Z0" />
83-->src\main\AndroidManifest.xml:64:13-68
84
85        <activity
85-->src\main\AndroidManifest.xml:66:9-68:39
86            android:name="com.hackeranushi.grocerywalla.ProfileActivity.Addresses.AddAddress"
86-->src\main\AndroidManifest.xml:67:13-65
87            android:exported="true" />
87-->src\main\AndroidManifest.xml:68:13-36
88
89        <meta-data
89-->src\main\AndroidManifest.xml:70:9-72:69
90            android:name="com.google.android.gms.version"
90-->src\main\AndroidManifest.xml:71:13-58
91            android:value="@integer/google_play_services_version" />
91-->src\main\AndroidManifest.xml:72:13-66
92
93        <uses-library
93-->src\main\AndroidManifest.xml:74:9-76:40
94            android:name="org.apache.http.legacy"
94-->src\main\AndroidManifest.xml:75:13-50
95            android:required="false" />
95-->src\main\AndroidManifest.xml:76:13-37
96
97        <activity
97-->src\main\AndroidManifest.xml:46:9-48:39
98            android:name="com.hackeranushi.grocerywalla.ProfileActivity.EditProfileActivity.EditProfile"
98-->src\main\AndroidManifest.xml:47:13-76
99            android:exported="true" />
99-->src\main\AndroidManifest.xml:48:13-36
100        <activity
100-->src\main\AndroidManifest.xml:82:9-84:39
101            android:name="com.hackeranushi.grocerywalla.ProfileActivity.PrivacyPolicy"
101-->src\main\AndroidManifest.xml:83:13-58
102            android:exported="true" />
102-->src\main\AndroidManifest.xml:84:13-36
103        <activity
103-->src\main\AndroidManifest.xml:85:9-87:39
104            android:name="com.hackeranushi.grocerywalla.ProfileActivity.TermsConditions"
104-->src\main\AndroidManifest.xml:86:13-60
105            android:exported="true" />
105-->src\main\AndroidManifest.xml:87:13-36
106        <activity
106-->src\main\AndroidManifest.xml:88:9-90:39
107            android:name="com.hackeranushi.grocerywalla.ProfileActivity.AboutUs"
107-->src\main\AndroidManifest.xml:89:13-52
108            android:exported="true" />
108-->src\main\AndroidManifest.xml:90:13-36
109        <activity
109-->src\main\AndroidManifest.xml:91:9-93:39
110            android:name="com.hackeranushi.grocerywalla.ProfileActivity.Setting"
110-->src\main\AndroidManifest.xml:92:13-52
111            android:exported="true" />
111-->src\main\AndroidManifest.xml:93:13-36
112        <activity
112-->src\main\AndroidManifest.xml:94:9-96:39
113            android:name="com.hackeranushi.grocerywalla.ProfileActivity.WishList.WishList"
113-->src\main\AndroidManifest.xml:95:13-62
114            android:exported="true" />
114-->src\main\AndroidManifest.xml:96:13-36
115        <activity
115-->src\main\AndroidManifest.xml:97:9-99:39
116            android:name="com.hackeranushi.grocerywalla.ProfileActivity.Coupons.Coupons"
116-->src\main\AndroidManifest.xml:98:13-60
117            android:exported="true" />
117-->src\main\AndroidManifest.xml:99:13-36
118        <activity
118-->src\main\AndroidManifest.xml:100:9-102:39
119            android:name="com.hackeranushi.grocerywalla.ProfileActivity.Addresses.MyAddress"
119-->src\main\AndroidManifest.xml:101:13-64
120            android:exported="true" />
120-->src\main\AndroidManifest.xml:102:13-36
121        <activity
121-->src\main\AndroidManifest.xml:103:9-105:39
122            android:name="com.hackeranushi.grocerywalla.ProductDetails.ProductRating.RatingActivity"
122-->src\main\AndroidManifest.xml:104:13-72
123            android:exported="true" />
123-->src\main\AndroidManifest.xml:105:13-36
124        <activity
124-->src\main\AndroidManifest.xml:106:9-108:39
125            android:name="com.hackeranushi.grocerywalla.Activities.Help"
125-->src\main\AndroidManifest.xml:107:13-44
126            android:exported="true" />
126-->src\main\AndroidManifest.xml:108:13-36
127        <activity
127-->src\main\AndroidManifest.xml:109:9-111:39
128            android:name="com.hackeranushi.grocerywalla.ProductDetails.ProductInfo"
128-->src\main\AndroidManifest.xml:110:13-55
129            android:exported="true" />
129-->src\main\AndroidManifest.xml:111:13-36
130        <activity
130-->src\main\AndroidManifest.xml:112:9-114:39
131            android:name="com.hackeranushi.grocerywalla.Activities.Authentication"
131-->src\main\AndroidManifest.xml:113:13-54
132            android:exported="true" />
132-->src\main\AndroidManifest.xml:114:13-36
133        <activity
133-->src\main\AndroidManifest.xml:115:9-123:20
134            android:name="com.hackeranushi.grocerywalla.WelcomeActivities.WelcomeActivity"
134-->src\main\AndroidManifest.xml:116:13-62
135            android:exported="true" >
135-->src\main\AndroidManifest.xml:117:13-36
136            <intent-filter>
136-->src\main\AndroidManifest.xml:118:13-122:29
137                <action android:name="android.intent.action.MAIN" />
137-->src\main\AndroidManifest.xml:119:17-69
137-->src\main\AndroidManifest.xml:119:25-66
138
139                <category android:name="android.intent.category.LAUNCHER" />
139-->src\main\AndroidManifest.xml:121:17-77
139-->src\main\AndroidManifest.xml:121:27-74
140            </intent-filter>
141        </activity>
142        <activity
142-->src\main\AndroidManifest.xml:124:9-126:39
143            android:name="com.hackeranushi.grocerywalla.WelcomeActivities.Starer"
143-->src\main\AndroidManifest.xml:125:13-53
144            android:exported="true" />
144-->src\main\AndroidManifest.xml:126:13-36
145        <activity
145-->src\main\AndroidManifest.xml:127:9-129:39
146            android:name="com.hackeranushi.grocerywalla.MenuActivity.NewProductHomepage"
146-->src\main\AndroidManifest.xml:128:13-60
147            android:exported="true" />
147-->src\main\AndroidManifest.xml:129:13-36
148        <activity
148-->src\main\AndroidManifest.xml:130:9-132:39
149            android:name="com.hackeranushi.grocerywalla.MenuActivity.NotificationHomepage"
149-->src\main\AndroidManifest.xml:131:13-62
150            android:exported="true" />
150-->src\main\AndroidManifest.xml:132:13-36
151        <activity
151-->src\main\AndroidManifest.xml:133:9-136:48
152            android:name="com.hackeranushi.grocerywalla.MainActivity"
152-->src\main\AndroidManifest.xml:134:13-41
153            android:exported="true"
153-->src\main\AndroidManifest.xml:135:13-36
154            android:label="@string/app_name" />
154-->src\main\AndroidManifest.xml:136:13-45
155        <activity
155-->[com.karumi:dexter:6.2.3] AndroidManifest.xml:27:9-29:72
156            android:name="com.karumi.dexter.DexterActivity"
156-->[com.karumi:dexter:6.2.3] AndroidManifest.xml:28:13-60
157            android:theme="@style/Dexter.Internal.Theme.Transparent" />
157-->[com.karumi:dexter:6.2.3] AndroidManifest.xml:29:13-69
158
159        <service
159-->[com.google.firebase:firebase-firestore:24.0.0] AndroidManifest.xml:17:9-23:19
160            android:name="com.google.firebase.components.ComponentDiscoveryService"
160-->[com.google.firebase:firebase-firestore:24.0.0] AndroidManifest.xml:18:13-84
161            android:directBootAware="true"
161-->[com.google.firebase:firebase-common:20.0.0] AndroidManifest.xml:35:13-43
162            android:exported="false" >
162-->[com.google.firebase:firebase-firestore:24.0.0] AndroidManifest.xml:19:13-37
163            <meta-data
163-->[com.google.firebase:firebase-firestore:24.0.0] AndroidManifest.xml:20:13-22:85
164                android:name="com.google.firebase.components:com.google.firebase.firestore.FirestoreRegistrar"
164-->[com.google.firebase:firebase-firestore:24.0.0] AndroidManifest.xml:21:17-111
165                android:value="com.google.firebase.components.ComponentRegistrar" />
165-->[com.google.firebase:firebase-firestore:24.0.0] AndroidManifest.xml:22:17-82
166            <meta-data
166-->[com.google.firebase:firebase-storage:20.0.0] AndroidManifest.xml:33:13-35:85
167                android:name="com.google.firebase.components:com.google.firebase.storage.StorageRegistrar"
167-->[com.google.firebase:firebase-storage:20.0.0] AndroidManifest.xml:34:17-107
168                android:value="com.google.firebase.components.ComponentRegistrar" />
168-->[com.google.firebase:firebase-storage:20.0.0] AndroidManifest.xml:35:17-82
169            <meta-data
169-->[com.google.firebase:firebase-auth:21.0.1] AndroidManifest.xml:77:13-79:85
170                android:name="com.google.firebase.components:com.google.firebase.auth.FirebaseAuthRegistrar"
170-->[com.google.firebase:firebase-auth:21.0.1] AndroidManifest.xml:78:17-109
171                android:value="com.google.firebase.components.ComponentRegistrar" />
171-->[com.google.firebase:firebase-auth:21.0.1] AndroidManifest.xml:79:17-82
172        </service>
173
174        <provider
174-->[com.squareup.picasso:picasso:2.71828] AndroidManifest.xml:8:9-11:40
175            android:name="com.squareup.picasso.PicassoProvider"
175-->[com.squareup.picasso:picasso:2.71828] AndroidManifest.xml:9:13-64
176            android:authorities="com.hackeranushi.grocerywalla.com.squareup.picasso"
176-->[com.squareup.picasso:picasso:2.71828] AndroidManifest.xml:10:13-72
177            android:exported="false" />
177-->[com.squareup.picasso:picasso:2.71828] AndroidManifest.xml:11:13-37
178
179        <activity
179-->[com.google.firebase:firebase-auth:21.0.1] AndroidManifest.xml:27:9-44:20
180            android:name="com.google.firebase.auth.internal.GenericIdpActivity"
180-->[com.google.firebase:firebase-auth:21.0.1] AndroidManifest.xml:28:13-80
181            android:excludeFromRecents="true"
181-->[com.google.firebase:firebase-auth:21.0.1] AndroidManifest.xml:29:13-46
182            android:exported="true"
182-->[com.google.firebase:firebase-auth:21.0.1] AndroidManifest.xml:30:13-36
183            android:launchMode="singleTask"
183-->[com.google.firebase:firebase-auth:21.0.1] AndroidManifest.xml:31:13-44
184            android:theme="@android:style/Theme.Translucent.NoTitleBar" >
184-->[com.google.firebase:firebase-auth:21.0.1] AndroidManifest.xml:32:13-72
185            <intent-filter>
185-->[com.google.firebase:firebase-auth:21.0.1] AndroidManifest.xml:33:13-43:29
186                <action android:name="android.intent.action.VIEW" />
186-->[com.google.firebase:firebase-auth:21.0.1] AndroidManifest.xml:34:17-69
186-->[com.google.firebase:firebase-auth:21.0.1] AndroidManifest.xml:34:25-66
187
188                <category android:name="android.intent.category.DEFAULT" />
188-->[com.google.firebase:firebase-auth:21.0.1] AndroidManifest.xml:36:17-76
188-->[com.google.firebase:firebase-auth:21.0.1] AndroidManifest.xml:36:27-73
189                <category android:name="android.intent.category.BROWSABLE" />
189-->[com.google.firebase:firebase-auth:21.0.1] AndroidManifest.xml:37:17-78
189-->[com.google.firebase:firebase-auth:21.0.1] AndroidManifest.xml:37:27-75
190
191                <data
191-->[com.google.firebase:firebase-auth:21.0.1] AndroidManifest.xml:39:17-42:51
192                    android:host="firebase.auth"
192-->[com.google.firebase:firebase-auth:21.0.1] AndroidManifest.xml:40:21-49
193                    android:path="/"
193-->[com.google.firebase:firebase-auth:21.0.1] AndroidManifest.xml:41:21-37
194                    android:scheme="genericidp" />
194-->[com.google.firebase:firebase-auth:21.0.1] AndroidManifest.xml:42:21-48
195            </intent-filter>
196        </activity>
197        <activity
197-->[com.google.firebase:firebase-auth:21.0.1] AndroidManifest.xml:45:9-62:20
198            android:name="com.google.firebase.auth.internal.RecaptchaActivity"
198-->[com.google.firebase:firebase-auth:21.0.1] AndroidManifest.xml:46:13-79
199            android:excludeFromRecents="true"
199-->[com.google.firebase:firebase-auth:21.0.1] AndroidManifest.xml:47:13-46
200            android:exported="true"
200-->[com.google.firebase:firebase-auth:21.0.1] AndroidManifest.xml:48:13-36
201            android:launchMode="singleTask"
201-->[com.google.firebase:firebase-auth:21.0.1] AndroidManifest.xml:49:13-44
202            android:theme="@android:style/Theme.Translucent.NoTitleBar" >
202-->[com.google.firebase:firebase-auth:21.0.1] AndroidManifest.xml:50:13-72
203            <intent-filter>
203-->[com.google.firebase:firebase-auth:21.0.1] AndroidManifest.xml:51:13-61:29
204                <action android:name="android.intent.action.VIEW" />
204-->[com.google.firebase:firebase-auth:21.0.1] AndroidManifest.xml:34:17-69
204-->[com.google.firebase:firebase-auth:21.0.1] AndroidManifest.xml:34:25-66
205
206                <category android:name="android.intent.category.DEFAULT" />
206-->[com.google.firebase:firebase-auth:21.0.1] AndroidManifest.xml:36:17-76
206-->[com.google.firebase:firebase-auth:21.0.1] AndroidManifest.xml:36:27-73
207                <category android:name="android.intent.category.BROWSABLE" />
207-->[com.google.firebase:firebase-auth:21.0.1] AndroidManifest.xml:37:17-78
207-->[com.google.firebase:firebase-auth:21.0.1] AndroidManifest.xml:37:27-75
208
209                <data
209-->[com.google.firebase:firebase-auth:21.0.1] AndroidManifest.xml:39:17-42:51
210                    android:host="firebase.auth"
210-->[com.google.firebase:firebase-auth:21.0.1] AndroidManifest.xml:40:21-49
211                    android:path="/"
211-->[com.google.firebase:firebase-auth:21.0.1] AndroidManifest.xml:41:21-37
212                    android:scheme="recaptcha" />
212-->[com.google.firebase:firebase-auth:21.0.1] AndroidManifest.xml:42:21-48
213            </intent-filter>
214        </activity>
215
216        <service
216-->[com.google.firebase:firebase-auth:21.0.1] AndroidManifest.xml:64:9-73:19
217            android:name="com.google.firebase.auth.api.fallback.service.FirebaseAuthFallbackService"
217-->[com.google.firebase:firebase-auth:21.0.1] AndroidManifest.xml:65:13-101
218            android:enabled="true"
218-->[com.google.firebase:firebase-auth:21.0.1] AndroidManifest.xml:66:13-35
219            android:exported="false" >
219-->[com.google.firebase:firebase-auth:21.0.1] AndroidManifest.xml:67:13-37
220            <intent-filter>
220-->[com.google.firebase:firebase-auth:21.0.1] AndroidManifest.xml:68:13-72:29
221                <action android:name="com.google.firebase.auth.api.gms.service.START" />
221-->[com.google.firebase:firebase-auth:21.0.1] AndroidManifest.xml:69:17-89
221-->[com.google.firebase:firebase-auth:21.0.1] AndroidManifest.xml:69:25-86
222
223                <category android:name="android.intent.category.DEFAULT" />
223-->[com.google.firebase:firebase-auth:21.0.1] AndroidManifest.xml:36:17-76
223-->[com.google.firebase:firebase-auth:21.0.1] AndroidManifest.xml:36:27-73
224            </intent-filter>
225        </service>
226
227        <provider
227-->[com.google.firebase:firebase-common:20.0.0] AndroidManifest.xml:26:9-31:39
228            android:name="com.google.firebase.provider.FirebaseInitProvider"
228-->[com.google.firebase:firebase-common:20.0.0] AndroidManifest.xml:27:13-77
229            android:authorities="com.hackeranushi.grocerywalla.firebaseinitprovider"
229-->[com.google.firebase:firebase-common:20.0.0] AndroidManifest.xml:28:13-72
230            android:directBootAware="true"
230-->[com.google.firebase:firebase-common:20.0.0] AndroidManifest.xml:29:13-43
231            android:exported="false"
231-->[com.google.firebase:firebase-common:20.0.0] AndroidManifest.xml:30:13-37
232            android:initOrder="100" />
232-->[com.google.firebase:firebase-common:20.0.0] AndroidManifest.xml:31:13-36
233
234        <activity
234-->[com.google.android.gms:play-services-base:17.5.0] AndroidManifest.xml:23:9-26:75
235            android:name="com.google.android.gms.common.api.GoogleApiActivity"
235-->[com.google.android.gms:play-services-base:17.5.0] AndroidManifest.xml:24:13-79
236            android:exported="false"
236-->[com.google.android.gms:play-services-base:17.5.0] AndroidManifest.xml:25:13-37
237            android:theme="@android:style/Theme.Translucent.NoTitleBar" />
237-->[com.google.android.gms:play-services-base:17.5.0] AndroidManifest.xml:26:13-72
238    </application>
239
240</manifest>